<?xml version="1.0" encoding="UTF-8"?>
<testng-results ignored="0" total="1" passed="1" failed="0" skipped="0">
  <reporter-output>
  </reporter-output>
  <suite started-at="2025-12-13T22:17:29 MSK" name="LoginSuite" finished-at="2025-12-13T22:17:34 MSK" duration-ms="4799">
    <groups>
    </groups>
    <test started-at="2025-12-13T22:17:29 MSK" name="LoginTests" finished-at="2025-12-13T22:17:34 MSK" duration-ms="4799">
      <class name="tests.LoginTest">
        <test-method is-config="true" signature="setUp()[pri:0, instance:tests.LoginTest@223191a6]" started-at="2025-12-13T22:17:29 MSK" name="setUp" finished-at="2025-12-13T22:17:32 MSK" duration-ms="3049" status="PASS">
          <reporter-output>
          </reporter-output>
        </test-method> <!-- setUp -->
        <test-method signature="testValidLogin()[pri:0, instance:tests.LoginTest@223191a6]" started-at="2025-12-13T22:17:32 MSK" name="testValidLogin" finished-at="2025-12-13T22:17:34 MSK" duration-ms="1665" status="PASS">
          <reporter-output>
          </reporter-output>
        </test-method> <!-- testValidLogin -->
        <test-method is-config="true" signature="tearDown()[pri:0, instance:tests.LoginTest@223191a6]" started-at="2025-12-13T22:17:34 MSK" name="tearDown" finished-at="2025-12-13T22:17:34 MSK" duration-ms="2" status="PASS">
          <reporter-output>
          </reporter-output>
        </test-method> <!-- tearDown -->
      </class> <!-- tests.LoginTest -->
    </test> <!-- LoginTests -->
  </suite> <!-- LoginSuite -->
</testng-results>
