<?xml version="1.0" encoding="UTF-8"?>
<testng-results ignored="0" total="1" passed="1" failed="0" skipped="0">
  <reporter-output>
  </reporter-output>
  <suite started-at="2025-12-15T21:47:43 MSK" name="Default suite" finished-at="2025-12-15T21:47:55 MSK" duration-ms="12345">
    <groups>
    </groups>
    <test started-at="2025-12-15T21:47:43 MSK" name="Default test" finished-at="2025-12-15T21:47:55 MSK" duration-ms="12345">
      <class name="tests.LoginTest">
        <test-method is-config="true" signature="setUp()[pri:0, instance:tests.LoginTest@3349e9bb]" started-at="2025-12-15T21:47:43 MSK" name="setUp" finished-at="2025-12-15T21:47:53 MSK" duration-ms="9485" status="PASS">
          <reporter-output>
          </reporter-output>
        </test-method> <!-- setUp -->
        <test-method signature="testValidLogin()[pri:0, instance:tests.LoginTest@3349e9bb]" started-at="2025-12-15T21:47:53 MSK" name="testValidLogin" finished-at="2025-12-15T21:47:55 MSK" duration-ms="2780" status="PASS">
          <reporter-output>
          </reporter-output>
        </test-method> <!-- testValidLogin -->
        <test-method is-config="true" signature="tearDown()[pri:0, instance:tests.LoginTest@3349e9bb]" started-at="2025-12-15T21:47:55 MSK" name="tearDown" finished-at="2025-12-15T21:47:55 MSK" duration-ms="3" status="PASS">
          <reporter-output>
          </reporter-output>
        </test-method> <!-- tearDown -->
      </class> <!-- tests.LoginTest -->
    </test> <!-- Default test -->
  </suite> <!-- Default suite -->
</testng-results>
