<?xml version="1.0" encoding="UTF-8"?>
<!-- Generated by org.testng.reporters.JUnitXMLReporter -->
<testsuite ignored="0" hostname="EKB-DVS-0019" failures="1" tests="1" name="LoginTests" time="7.262" errors="0" timestamp="2025-12-18T21:48:00 MSK">
  <testcase classname="tests.LoginTest" name="testValidLogin" time="0.872">
    <failure type="java.lang.AssertionError" message="expected [Один момент…] but found [nopCommerce demo store. Login]">
      <![CDATA[java.lang.AssertionError: expected [Один момент…] but found [nopCommerce demo store. Login]
at tests.LoginTest.testValidLogin(LoginTest.java:67)
at java.base/java.util.ArrayList.forEach(ArrayList.java:1596)
... Removed 31 stack frames]]>
    </failure>
  </testcase> <!-- testValidLogin -->
</testsuite> <!-- LoginTests -->
